<?xml version="1.0" encoding="UTF-8"?>
<!-- Generated by org.testng.reporters.JUnitReportReporter -->
<testsuite hostname="INLEN8520021811" failures="0" tests="14" name="runner.Run" time="182.823" errors="0" timestamp="2022-09-12T12:03:39 IST" skipped="0">
  <testcase classname="runner.Run" name="runScenario" time="13.851"/>
  <system-out/>
  <testcase classname="runner.Run" name="runScenario" time="14.196"/>
  <system-out/>
  <testcase classname="runner.Run" name="runScenario" time="12.873"/>
  <system-out/>
  <testcase classname="runner.Run" name="runScenario" time="11.358"/>
  <system-out/>
  <testcase classname="runner.Run" name="runScenario" time="13.022"/>
  <system-out/>
  <testcase classname="runner.Run" name="runScenario" time="15.094"/>
  <system-out/>
  <testcase classname="runner.Run" name="runScenario" time="12.738"/>
  <system-out/>
  <testcase classname="runner.Run" name="runScenario" time="12.108"/>
  <system-out/>
  <testcase classname="runner.Run" name="runScenario" time="12.059"/>
  <system-out/>
  <testcase classname="runner.Run" name="runScenario" time="13.202"/>
  <system-out/>
  <testcase classname="runner.Run" name="runScenario" time="14.013"/>
  <system-out/>
  <testcase classname="runner.Run" name="runScenario" time="11.568"/>
  <system-out/>
  <testcase classname="runner.Run" name="runScenario" time="13.052"/>
  <system-out/>
  <testcase classname="runner.Run" name="runScenario" time="13.689"/>
  <system-out/>
</testsuite> <!-- runner.Run -->
