<?xml version="1.0" encoding="UTF-8"?>
<!-- Generated by org.testng.reporters.JUnitReportReporter -->
<testsuite hostname="INLEN8520021811" failures="0" tests="7" name="TestCases.InteriorOfAdvancedCalculator" time="113.287" errors="0" timestamp="2022-09-10T16:17:27 IST" skipped="0">
  <testcase classname="TestCases.InteriorOfAdvancedCalculator" name="AdvancedCalculatorWithInalidvalues" time="16.885"/>
  <system-out/>
  <testcase classname="TestCases.InteriorOfAdvancedCalculator" name="AdvancedCalculatorWithInalidvalues" time="17.392"/>
  <system-out/>
  <testcase classname="TestCases.InteriorOfAdvancedCalculator" name="AdvancedCalculatorWithInalidvalues" time="16.804"/>
  <system-out/>
  <testcase classname="TestCases.InteriorOfAdvancedCalculator" name="AdvancedCalculatorWithValidvalues" time="16.404"/>
  <system-out/>
  <testcase classname="TestCases.InteriorOfAdvancedCalculator" name="AdvancedCalculatorWithInalidvalues" time="16.637"/>
  <system-out/>
  <testcase classname="TestCases.InteriorOfAdvancedCalculator" name="AdvancedCalculatorWithInalidvalues" time="14.634"/>
  <system-out/>
  <testcase classname="TestCases.InteriorOfAdvancedCalculator" name="AdvancedCalculatorWithNullvalues" time="14.531"/>
  <system-out/>
</testsuite> <!-- TestCases.InteriorOfAdvancedCalculator -->
