<?xml version="1.0" encoding="UTF-8"?>
<!-- Generated by org.testng.reporters.JUnitReportReporter -->
<testsuite hostname="INLEN8520021811" failures="0" tests="1" name="TestCases.QuickCalculator" time="20.292" errors="0" timestamp="2022-09-10T18:56:06 IST" skipped="0">
  <testcase classname="TestCases.QuickCalculator" name="QuickCalculatorWithValidCarpetArea" time="20.292"/>
  <system-out/>
</testsuite> <!-- TestCases.QuickCalculator -->
