<?xml version="1.0" encoding="UTF-8"?>
<!-- Generated by org.testng.reporters.JUnitReportReporter -->
<testsuite hostname="INLEN8520021811" failures="0" tests="1" name="TestCases.AdvancedCalculator" time="13.183" errors="0" timestamp="2022-09-08T16:36:42 IST" skipped="0">
  <testcase classname="TestCases.AdvancedCalculator" name="QuickCalculatorWithNullCarpetArea" time="13.183"/>
  <system-out/>
</testsuite> <!-- TestCases.AdvancedCalculator -->
