<?xml version="1.0" encoding="UTF-8"?>
<!-- Generated by org.testng.reporters.JUnitReportReporter -->
<testsuite hostname="INLEN8520021811" failures="0" tests="1" name="TestCases.TestCase1" time="10.923" errors="0" timestamp="2022-09-07T11:01:05 IST" skipped="0">
  <testcase classname="TestCases.TestCase1" name="hoverOver" time="10.923"/>
  <system-out/>
</testsuite> <!-- TestCases.TestCase1 -->
