<?xml version="1.0" encoding="UTF-8"?>
<!-- Generated by org.testng.reporters.JUnitReportReporter -->
<testsuite hostname="INLEN8520021811" failures="0" tests="1" name="TestCases.DropDownOption" time="9.896" errors="0" timestamp="2022-09-10T16:17:27 IST" skipped="0">
  <testcase classname="TestCases.DropDownOption" name="hoverOver" time="9.896"/>
  <system-out/>
</testsuite> <!-- TestCases.DropDownOption -->
